# JRE version: Java(TM) SE Runtime Environment (17.0.1+12) (build 17.0.1+12-LTS-39)
# Java VM: Java HotSpot(TM) 64-Bit Server VM (17.0.1+12-LTS-39, mixed mode, sharing, tiered, compressed oops, compressed class ptrs, g1 gc, windows-amd64)
GC Precious Log:
 CPUs: 2 total, 2 available
 Memory: 3935M
 Large Page Support: Disabled
 NUMA Support: Disabled
 Compressed Oops: Enabled (32-bit)
 Heap Region Size: 1M
 Heap Min Capacity: 8M
 Heap Initial Capacity: 62M
 Heap Max Capacity: 984M
 Pre-touch: Disabled
 Parallel Workers: 2
 Concurrent Workers: 1
 Concurrent Refinement Workers: 2
 Periodic GC: Disabled
Heap:
 garbage-first heap   total 34816K, used 26703K [0x00000000c2800000, 0x0000000100000000)
  region size 1024K, 13 young (13312K), 1 survivors (1024K)
 Metaspace       used 37764K, committed 38080K, reserved 1089536K
  class space    used 4693K, committed 4864K, reserved 1048576K
GC Heap History (20 events):
Event: 112.028 GC heap before
{Heap before GC invocations=24 (full 0):
 garbage-first heap   total 34816K, used 19389K [0x00000000c2800000, 0x0000000100000000)
  region size 1024K, 2 young (2048K), 1 survivors (1024K)
 Metaspace       used 35874K, committed 36224K, reserved 1081344K
  class space    used 4505K, committed 4672K, reserved 1048576K
}
Event: 112.035 GC heap after
{Heap after GC invocations=25 (full 0):
 garbage-first heap   total 34816K, used 17924K [0x00000000c2800000, 0x0000000100000000)
  region size 1024K, 1 young (1024K), 1 survivors (1024K)
 Metaspace       used 35874K, committed 36224K, reserved 1081344K
  class space    used 4505K, committed 4672K, reserved 1048576K
}
Event: 151.711 GC heap before
{Heap before GC invocations=25 (full 0):
 garbage-first heap   total 34816K, used 26116K [0x00000000c2800000, 0x0000000100000000)
  region size 1024K, 9 young (9216K), 1 survivors (1024K)
 Metaspace       used 36444K, committed 36800K, reserved 1081344K
  class space    used 4564K, committed 4736K, reserved 1048576K
}
Event: 151.722 GC heap after
{Heap after GC invocations=26 (full 0):
 garbage-first heap   total 34816K, used 18339K [0x00000000c2800000, 0x0000000100000000)
  region size 1024K, 1 young (1024K), 1 survivors (1024K)
 Metaspace       used 36444K, committed 36800K, reserved 1081344K
  class space    used 4564K, committed 4736K, reserved 1048576K
}
Event: 242.032 GC heap before
{Heap before GC invocations=27 (full 0):
 garbage-first heap   total 34816K, used 27555K [0x00000000c2800000, 0x0000000100000000)
  region size 1024K, 10 young (10240K), 1 survivors (1024K)
 Metaspace       used 37145K, committed 37504K, reserved 1089536K
  class space    used 4655K, committed 4800K, reserved 1048576K
}
Event: 242.047 GC heap after
{Heap after GC invocations=28 (full 0):
 garbage-first heap   total 34816K, used 18564K [0x00000000c2800000, 0x0000000100000000)
  region size 1024K, 1 young (1024K), 1 survivors (1024K)
 Metaspace       used 37145K, committed 37504K, reserved 1089536K
  class space    used 4655K, committed 4800K, reserved 1048576K
}
Event: 600.964 GC heap before
{Heap before GC invocations=28 (full 0):
 garbage-first heap   total 34816K, used 27780K [0x00000000c2800000, 0x0000000100000000)
  region size 1024K, 10 young (10240K), 1 survivors (1024K)
 Metaspace       used 37314K, committed 37696K, reserved 1089536K
  class space    used 4671K, committed 4864K, reserved 1048576K
}
Event: 600.970 GC heap after
{Heap after GC invocations=29 (full 0):
 garbage-first heap   total 34816K, used 18505K [0x00000000c2800000, 0x0000000100000000)
  region size 1024K, 1 young (1024K), 1 survivors (1024K)
 Metaspace       used 37314K, committed 37696K, reserved 1089536K
  class space    used 4671K, committed 4864K, reserved 1048576K
}
Event: 1020.150 GC heap before
{Heap before GC invocations=30 (full 0):
 garbage-first heap   total 34816K, used 27721K [0x00000000c2800000, 0x0000000100000000)
  region size 1024K, 10 young (10240K), 1 survivors (1024K)
 Metaspace       used 37333K, committed 37696K, reserved 1089536K
  class space    used 4671K, committed 4864K, reserved 1048576K
}
Event: 1020.154 GC heap after
{Heap after GC invocations=31 (full 0):
 garbage-first heap   total 34816K, used 18704K [0x00000000c2800000, 0x0000000100000000)
  region size 1024K, 2 young (2048K), 2 survivors (2048K)
 Metaspace       used 37333K, committed 37696K, reserved 1089536K
  class space    used 4671K, committed 4864K, reserved 1048576K
}
Event: 1397.669 GC heap before
{Heap before GC invocations=31 (full 0):
 garbage-first heap   total 34816K, used 26896K [0x00000000c2800000, 0x0000000100000000)
  region size 1024K, 10 young (10240K), 2 survivors (2048K)
 Metaspace       used 37334K, committed 37696K, reserved 1089536K
  class space    used 4671K, committed 4864K, reserved 1048576K
}
Event: 1397.673 GC heap after
{Heap after GC invocations=32 (full 0):
 garbage-first heap   total 34816K, used 18623K [0x00000000c2800000, 0x0000000100000000)
  region size 1024K, 1 young (1024K), 1 survivors (1024K)
 Metaspace       used 37334K, committed 37696K, reserved 1089536K
  class space    used 4671K, committed 4864K, reserved 1048576K
}
Event: 1823.746 GC heap before
{Heap before GC invocations=33 (full 0):
 garbage-first heap   total 34816K, used 27839K [0x00000000c2800000, 0x0000000100000000)
  region size 1024K, 10 young (10240K), 1 survivors (1024K)
 Metaspace       used 37276K, committed 37696K, reserved 1089536K
  class space    used 4658K, committed 4864K, reserved 1048576K
}
Event: 1823.753 GC heap after
{Heap after GC invocations=34 (full 0):
 garbage-first heap   total 34816K, used 18543K [0x00000000c2800000, 0x0000000100000000)
  region size 1024K, 1 young (1024K), 1 survivors (1024K)
 Metaspace       used 37276K, committed 37696K, reserved 1089536K
  class space    used 4658K, committed 4864K, reserved 1048576K
}
Event: 1869.768 GC heap before
{Heap before GC invocations=34 (full 0):
 garbage-first heap   total 34816K, used 19567K [0x00000000c2800000, 0x0000000100000000)
  region size 1024K, 2 young (2048K), 1 survivors (1024K)
 Metaspace       used 37276K, committed 37696K, reserved 1089536K
  class space    used 4658K, committed 4864K, reserved 1048576K
}
Event: 1869.780 GC heap after
{Heap after GC invocations=35 (full 0):
 garbage-first heap   total 34816K, used 16720K [0x00000000c2800000, 0x0000000100000000)
  region size 1024K, 1 young (1024K), 1 survivors (1024K)
 Metaspace       used 37276K, committed 37696K, reserved 1089536K
  class space    used 4658K, committed 4864K, reserved 1048576K
}
Event: 1915.360 GC heap before
{Heap before GC invocations=35 (full 0):
 garbage-first heap   total 34816K, used 17744K [0x00000000c2800000, 0x0000000100000000)
  region size 1024K, 2 young (2048K), 1 survivors (1024K)
 Metaspace       used 37276K, committed 37696K, reserved 1089536K
  class space    used 4658K, committed 4864K, reserved 1048576K
}
Event: 1915.366 GC heap after
{Heap after GC invocations=36 (full 0):
 garbage-first heap   total 34816K, used 16494K [0x00000000c2800000, 0x0000000100000000)
  region size 1024K, 1 young (1024K), 1 survivors (1024K)
 Metaspace       used 37276K, committed 37696K, reserved 1089536K
  class space    used 4658K, committed 4864K, reserved 1048576K
}
Event: 2428.317 GC heap before
{Heap before GC invocations=36 (full 0):
 garbage-first heap   total 34816K, used 27758K [0x00000000c2800000, 0x0000000100000000)
  region size 1024K, 12 young (12288K), 1 survivors (1024K)
 Metaspace       used 37280K, committed 37696K, reserved 1089536K
  class space    used 4658K, committed 4864K, reserved 1048576K
}
Event: 2428.320 GC heap after
{Heap after GC invocations=37 (full 0):
 garbage-first heap   total 34816K, used 16463K [0x00000000c2800000, 0x0000000100000000)
  region size 1024K, 1 young (1024K), 1 survivors (1024K)
 Metaspace       used 37280K, committed 37696K, reserved 1089536K
  class space    used 4658K, committed 4864K, reserved 1048576K
}

